0 info it worked if it ends with ok
1 verbose cli [ '/usr/local/bin/node', '/usr/local/bin/npm', 'run', 'server' ]
2 info using npm@3.10.9
3 info using node@v6.7.0
4 verbose run-script [ 'preserver', 'server', 'postserver' ]
5 info lifecycle wta-gear-lending-library@0.0.0~preserver: wta-gear-lending-library@0.0.0
6 silly lifecycle wta-gear-lending-library@0.0.0~preserver: no script for preserver, continuing
7 info lifecycle wta-gear-lending-library@0.0.0~server: wta-gear-lending-library@0.0.0
8 verbose lifecycle wta-gear-lending-library@0.0.0~server: unsafe-perm in lifecycle true
9 verbose lifecycle wta-gear-lending-library@0.0.0~server: PATH: /usr/local/lib/node_modules/npm/bin/node-gyp-bin:/Users/kelliefontes/MyProjects/SoftwareConstruction/FALL-2016/node_modules/.bin:/usr/local/bin:/usr/bin:/bin:/usr/sbin:/sbin:/usr/local/git/bin:/usr/local/lib/node_modules/npm/bin/node-gyp-bin:/Users/kelliefontes/MyProjects/SoftwareConstruction/FALL-2016/node_modules/.bin:/usr/local/lib/dnx/runtimes/dnx-mono.1.0.0-rc1-update1/bin:/Users/kelliefontes/.dnx/bin
10 verbose lifecycle wta-gear-lending-library@0.0.0~server: CWD: /Users/kelliefontes/MyProjects/SoftwareConstruction/FALL-2016
11 silly lifecycle wta-gear-lending-library@0.0.0~server: Args: [ '-c', 'node src/server/server.js' ]
12 silly lifecycle wta-gear-lending-library@0.0.0~server: Returned: code: 1  signal: null
13 info lifecycle wta-gear-lending-library@0.0.0~server: Failed to exec server script
14 verbose stack Error: wta-gear-lending-library@0.0.0 server: `node src/server/server.js`
14 verbose stack Exit status 1
14 verbose stack     at EventEmitter.<anonymous> (/usr/local/lib/node_modules/npm/lib/utils/lifecycle.js:255:16)
14 verbose stack     at emitTwo (events.js:106:13)
14 verbose stack     at EventEmitter.emit (events.js:191:7)
14 verbose stack     at ChildProcess.<anonymous> (/usr/local/lib/node_modules/npm/lib/utils/spawn.js:40:14)
14 verbose stack     at emitTwo (events.js:106:13)
14 verbose stack     at ChildProcess.emit (events.js:191:7)
14 verbose stack     at maybeClose (internal/child_process.js:877:16)
14 verbose stack     at Process.ChildProcess._handle.onexit (internal/child_process.js:226:5)
15 verbose pkgid wta-gear-lending-library@0.0.0
16 verbose cwd /Users/kelliefontes/MyProjects/SoftwareConstruction/FALL-2016
17 error Darwin 13.4.0
18 error argv "/usr/local/bin/node" "/usr/local/bin/npm" "run" "server"
19 error node v6.7.0
20 error npm  v3.10.9
21 error code ELIFECYCLE
22 error wta-gear-lending-library@0.0.0 server: `node src/server/server.js`
22 error Exit status 1
23 error Failed at the wta-gear-lending-library@0.0.0 server script 'node src/server/server.js'.
23 error Make sure you have the latest version of node.js and npm installed.
23 error If you do, this is most likely a problem with the wta-gear-lending-library package,
23 error not with npm itself.
23 error Tell the author that this fails on your system:
23 error     node src/server/server.js
23 error You can get information on how to open an issue for this project with:
23 error     npm bugs wta-gear-lending-library
23 error Or if that isn't available, you can get their info via:
23 error     npm owner ls wta-gear-lending-library
23 error There is likely additional logging output above.
24 verbose exit [ 1, true ]
